<?xml version="1.0" encoding="UTF-8"?>
<!-- Generated by org.testng.reporters.JUnitReportReporter -->
<testsuite skipped="0" hostname="Amar" name="com.testng.pac.Annotation_1" tests="1" failures="0" timestamp="19 Jul 2022 07:23:42 GMT" time="0.021" errors="0">
  <testcase name="Annotation_2test2" time="0.021" classname="com.testng.pac.Annotation_1"/>
</testsuite> <!-- com.testng.pac.Annotation_1 -->
