<?xml version="1.0" encoding="UTF-8"?>
<!-- Generated by org.testng.reporters.JUnitReportReporter -->
<testsuite skipped="0" hostname="Amar" name="com.pac.Main" tests="1" failures="0" timestamp="13 Jul 2022 07:47:33 GMT" time="39.871" errors="0">
  <testcase name="test" time="39.871" classname="com.pac.Main"/>
</testsuite> <!-- com.pac.Main -->
