<?xml version="1.0" encoding="UTF-8"?>
<!-- Generated by org.testng.reporters.JUnitReportReporter -->
<testsuite skipped="0" hostname="Amar" name="com.VTiger.TCs.Create_Contact_Org" tests="1" failures="0" timestamp="04 Jul 2022 06:53:11 GMT" time="70.511" errors="0">
  <testcase name="createcontactwithorg" time="70.511" classname="com.VTiger.TCs.Create_Contact_Org"/>
</testsuite> <!-- com.VTiger.TCs.Create_Contact_Org -->
