<?xml version="1.0" encoding="UTF-8"?>
<!-- Generated by org.testng.reporters.JUnitReportReporter -->
<testsuite skipped="0" hostname="Amar" name="com.VTiger.TCs.TC_151_Create_Campaign_Del_CampTest" tests="1" failures="0" timestamp="04 Jul 2022 07:12:17 GMT" time="73.465" errors="0">
  <testcase name="createcamp" time="73.465" classname="com.VTiger.TCs.TC_151_Create_Campaign_Del_CampTest"/>
</testsuite> <!-- com.VTiger.TCs.TC_151_Create_Campaign_Del_CampTest -->
