<?xml version="1.0" encoding="UTF-8"?>
<!-- Generated by org.testng.reporters.JUnitReportReporter -->
<testsuite skipped="0" hostname="Amar" name="com.pac.Faker1" tests="1" failures="0" timestamp="04 Jul 2022 05:48:20 GMT" time="1.231" errors="0">
  <testcase name="faker" time="1.231" classname="com.pac.Faker1"/>
</testsuite> <!-- com.pac.Faker1 -->
