<?xml version="1.0" encoding="UTF-8"?>
<!-- Generated by org.testng.reporters.JUnitReportReporter -->
<testsuite skipped="0" hostname="Amar" name="com.testng.pac.Annotation" tests="1" failures="0" timestamp="19 Jul 2022 05:39:36 GMT" time="0.068" errors="0">
  <testcase name="test" time="0.068" classname="com.testng.pac.Annotation"/>
</testsuite> <!-- com.testng.pac.Annotation -->
