<?xml version="1.0" encoding="UTF-8"?>
<!-- Generated by org.testng.reporters.JUnitReportReporter -->
<testsuite skipped="0" hostname="Amar" name="practice.Sample" tests="3" failures="0" timestamp="01 Jul 2022 08:31:25 GMT" time="0.071" errors="0">
  <testcase name="test1" time="0.053" classname="practice.Sample"/>
  <testcase name="test3" time="0.014" classname="practice.Sample"/>
  <testcase name="test2" time="0.004" classname="practice.Sample"/>
</testsuite> <!-- practice.Sample -->
