<?xml version="1.0" encoding="UTF-8"?>
<!-- Generated by org.testng.reporters.JUnitReportReporter -->
<testsuite skipped="0" hostname="Amar" name="com.testng.pac.DataProvider_Excel" tests="4" failures="0" timestamp="14 Jul 2022 11:11:22 GMT" time="0.144" errors="0">
  <testcase name="test1" time="0.021" classname="com.testng.pac.DataProvider_Excel"/>
  <testcase name="test1" time="0.005" classname="com.testng.pac.DataProvider_Excel"/>
  <testcase name="test1" time="0.113" classname="com.testng.pac.DataProvider_Excel"/>
  <testcase name="test1" time="0.005" classname="com.testng.pac.DataProvider_Excel"/>
</testsuite> <!-- com.testng.pac.DataProvider_Excel -->
