<?xml version="1.0" encoding="UTF-8"?>
<!-- Generated by org.testng.reporters.JUnitReportReporter -->
<testsuite skipped="0" hostname="Amar" name="com.testng.pac.DataPovider_1" tests="5" failures="0" timestamp="14 Jul 2022 10:41:46 GMT" time="0.087" errors="0">
  <testcase name="testMMT" time="0.006" classname="com.testng.pac.DataPovider_1"/>
  <testcase name="testMMT" time="0.015" classname="com.testng.pac.DataPovider_1"/>
  <testcase name="testMMT" time="0.054" classname="com.testng.pac.DataPovider_1"/>
  <testcase name="testMMT" time="0.004" classname="com.testng.pac.DataPovider_1"/>
  <testcase name="testMMT" time="0.008" classname="com.testng.pac.DataPovider_1"/>
</testsuite> <!-- com.testng.pac.DataPovider_1 -->
