<?xml version="1.0" encoding="UTF-8"?>
<!-- Generated by org.testng.reporters.JUnitReportReporter -->
<testsuite skipped="0" hostname="Amar" name="practice.Reports" tests="1" failures="0" timestamp="08 Jul 2022 06:41:33 GMT" time="42.204" errors="0">
  <testcase name="reportCreation" time="42.204" classname="practice.Reports"/>
</testsuite> <!-- practice.Reports -->
